2024-07-16 15:03:39.048 [info] Added views:workbench.panel.markers.view in workbench.panel.markers
2024-07-16 15:03:39.048 [info] Added views:workbench.panel.output in workbench.panel.output
2024-07-16 15:03:39.048 [info] Added views:terminal in terminal
2024-07-16 15:03:39.048 [info] Added views:outline in workbench.view.explorer
2024-07-16 15:03:39.048 [info] Added views:workbench.scm in workbench.view.scm
2024-07-16 15:03:39.048 [info] Added views:workbench.view.search in workbench.view.search
2024-07-16 15:03:39.048 [info] Added views:timeline in workbench.view.explorer
2024-07-16 15:03:39.048 [info] Added views:workbench.explorer.emptyView in workbench.view.explorer
2024-07-16 15:03:39.400 [info] Added views:workbench.debug.variablesView,workbench.debug.watchExpressionsView,workbench.debug.callStackView,workbench.debug.breakPointsView in workbench.view.debug
2024-07-16 15:03:39.428 [info] Added views:workbench.panel.repl.view in workbench.panel.repl
2024-07-16 15:03:39.429 [info] Removed views:workbench.debug.breakPointsView,workbench.debug.callStackView,workbench.debug.watchExpressionsView,workbench.debug.variablesView from workbench.view.debug
2024-07-16 15:03:39.429 [info] Added views:workbench.debug.welcome in workbench.view.debug
2024-07-16 15:03:39.514 [info] Added views:~remote.forwardedPorts in ~remote.forwardedPortsContainer
2024-07-16 15:04:05.619 [info] Added views:workbench.views.extensions.installed,workbench.views.extensions.popular,extensions.recommendedList in workbench.view.extensions
2024-07-16 15:04:05.619 [info] Removed views:workbench.views.extensions.popular from workbench.view.extensions
2024-07-16 15:04:05.688 [info] Added views:workbench.views.extensions.popular in workbench.view.extensions
2024-07-16 15:04:08.126 [info] Removed views:extensions.recommendedList,workbench.views.extensions.popular,workbench.views.extensions.installed from workbench.view.extensions
2024-07-16 15:04:08.131 [info] Added views:workbench.views.extensions.marketplace in workbench.view.extensions
2024-07-16 15:04:21.781 [info] Removed views:workbench.views.extensions.marketplace from workbench.view.extensions
2024-07-16 15:04:21.788 [info] Added views:workbench.views.extensions.installed,workbench.views.extensions.popular,extensions.recommendedList in workbench.view.extensions
