2024-07-16T08:51:56.960Z [Modules] Modules initializing
2024-07-16T08:51:56.960Z [Modules] Distribution: remote
2024-07-16T08:51:56.960Z [Modules] Host updates: enabled
2024-07-16T08:51:56.960Z [Modules] Module updates: enabled
2024-07-16T08:51:56.960Z [Modules] Module install path: /home/sidd/.config/discord/0.0.60/modules
2024-07-16T08:51:56.960Z [Modules] Module installed file path: /home/sidd/.config/discord/0.0.60/modules/installed.json
2024-07-16T08:51:56.960Z [Modules] Module download path: /home/sidd/.config/discord/0.0.60/modules/pending
2024-07-16T08:51:57.168Z [Modules] Bootstrapping...
2024-07-16T08:51:57.169Z [Modules] Installing discord_desktop_core@0 from /opt/discord/resources/bootstrap/discord_desktop_core.zip
2024-07-16T08:51:57.174Z [Modules] Failed installing discord_desktop_core@0: Error: ENOENT: no such file or directory, open '/opt/discord/resources/bootstrap/discord_desktop_core.zip'
2024-07-16T08:51:57.175Z [Modules] Installing discord_erlpack@0 from /opt/discord/resources/bootstrap/discord_erlpack.zip
2024-07-16T08:51:57.176Z [Modules] Failed installing discord_erlpack@0: Error: ENOENT: no such file or directory, open '/opt/discord/resources/bootstrap/discord_erlpack.zip'
2024-07-16T08:51:57.177Z [Modules] Installing discord_spellcheck@0 from /opt/discord/resources/bootstrap/discord_spellcheck.zip
2024-07-16T08:51:57.179Z [Modules] Failed installing discord_spellcheck@0: Error: ENOENT: no such file or directory, open '/opt/discord/resources/bootstrap/discord_spellcheck.zip'
2024-07-16T08:51:57.179Z [Modules] Installing discord_utils@0 from /opt/discord/resources/bootstrap/discord_utils.zip
2024-07-16T08:51:57.181Z [Modules] Failed installing discord_utils@0: Error: ENOENT: no such file or directory, open '/opt/discord/resources/bootstrap/discord_utils.zip'
2024-07-16T08:51:57.181Z [Modules] Installing discord_voice@0 from /opt/discord/resources/bootstrap/discord_voice.zip
2024-07-16T08:51:57.183Z [Modules] Failed installing discord_voice@0: Error: ENOENT: no such file or directory, open '/opt/discord/resources/bootstrap/discord_voice.zip'
2024-07-16T08:51:57.184Z [Modules] Installing discord_zstd@0 from /opt/discord/resources/bootstrap/discord_zstd.zip
2024-07-16T08:51:57.185Z [Modules] Failed installing discord_zstd@0: Error: ENOENT: no such file or directory, open '/opt/discord/resources/bootstrap/discord_zstd.zip'
2024-07-16T08:51:57.185Z [Modules] Finished module installations. [success: 0] [failure: 6]
2024-07-16T08:51:57.185Z [Modules] Checking for host updates.
2024-07-16T08:51:57.664Z [Modules] Host is up to date.
2024-07-16T08:51:57.664Z [Modules] Checking for module updates at https://discord.com/api/modules/stable/versions.json
2024-07-16T08:51:57.764Z [Modules] Module update available: discord_desktop_core@1 [installed: 0]
2024-07-16T08:51:57.765Z [Modules] Module update available: discord_erlpack@1 [installed: 0]
2024-07-16T08:51:57.765Z [Modules] Module update available: discord_spellcheck@1 [installed: 0]
2024-07-16T08:51:57.765Z [Modules] Module update available: discord_utils@1 [installed: 0]
2024-07-16T08:51:57.765Z [Modules] Module update available: discord_voice@1 [installed: 0]
2024-07-16T08:51:57.765Z [Modules] Module update available: discord_zstd@1 [installed: 0]
2024-07-16T08:51:57.766Z [Modules] Fetching discord_desktop_core@1 from https://discord.com/api/modules/stable/discord_desktop_core/1
2024-07-16T08:51:57.766Z [Modules] Streaming discord_desktop_core@1 to /home/sidd/.config/discord/0.0.60/modules/pending/discord_desktop_core-1.zip
2024-07-16T08:51:58.791Z [Modules] Streaming discord_desktop_core@1 to /home/sidd/.config/discord/0.0.60/modules/pending/discord_desktop_core-1.zip: 1%
2024-07-16T08:51:58.872Z [Modules] Streaming discord_desktop_core@1 to /home/sidd/.config/discord/0.0.60/modules/pending/discord_desktop_core-1.zip: 2%
2024-07-16T08:51:59.040Z [Modules] Streaming discord_desktop_core@1 to /home/sidd/.config/discord/0.0.60/modules/pending/discord_desktop_core-1.zip: 4%
2024-07-16T08:51:59.041Z [Modules] Streaming discord_desktop_core@1 to /home/sidd/.config/discord/0.0.60/modules/pending/discord_desktop_core-1.zip: 5%
2024-07-16T08:51:59.092Z [Modules] Streaming discord_desktop_core@1 to /home/sidd/.config/discord/0.0.60/modules/pending/discord_desktop_core-1.zip: 6%
2024-07-16T08:51:59.141Z [Modules] Streaming discord_desktop_core@1 to /home/sidd/.config/discord/0.0.60/modules/pending/discord_desktop_core-1.zip: 7%
2024-07-16T08:51:59.293Z [Modules] Streaming discord_desktop_core@1 to /home/sidd/.config/discord/0.0.60/modules/pending/discord_desktop_core-1.zip: 10%
2024-07-16T08:51:59.294Z [Modules] Streaming discord_desktop_core@1 to /home/sidd/.config/discord/0.0.60/modules/pending/discord_desktop_core-1.zip: 12%
2024-07-16T08:51:59.421Z [Modules] Streaming discord_desktop_core@1 to /home/sidd/.config/discord/0.0.60/modules/pending/discord_desktop_core-1.zip: 15%
2024-07-16T08:51:59.423Z [Modules] Streaming discord_desktop_core@1 to /home/sidd/.config/discord/0.0.60/modules/pending/discord_desktop_core-1.zip: 16%
2024-07-16T08:51:59.432Z [Modules] Streaming discord_desktop_core@1 to /home/sidd/.config/discord/0.0.60/modules/pending/discord_desktop_core-1.zip: 17%
2024-07-16T08:51:59.435Z [Modules] Streaming discord_desktop_core@1 to /home/sidd/.config/discord/0.0.60/modules/pending/discord_desktop_core-1.zip: 18%
2024-07-16T08:51:59.446Z [Modules] Streaming discord_desktop_core@1 to /home/sidd/.config/discord/0.0.60/modules/pending/discord_desktop_core-1.zip: 19%
2024-07-16T08:51:59.580Z [Modules] Streaming discord_desktop_core@1 to /home/sidd/.config/discord/0.0.60/modules/pending/discord_desktop_core-1.zip: 20%
2024-07-16T08:51:59.586Z [Modules] Streaming discord_desktop_core@1 to /home/sidd/.config/discord/0.0.60/modules/pending/discord_desktop_core-1.zip: 23%
2024-07-16T08:51:59.587Z [Modules] Streaming discord_desktop_core@1 to /home/sidd/.config/discord/0.0.60/modules/pending/discord_desktop_core-1.zip: 25%
2024-07-16T08:51:59.684Z [Modules] Streaming discord_desktop_core@1 to /home/sidd/.config/discord/0.0.60/modules/pending/discord_desktop_core-1.zip: 27%
2024-07-16T08:51:59.685Z [Modules] Streaming discord_desktop_core@1 to /home/sidd/.config/discord/0.0.60/modules/pending/discord_desktop_core-1.zip: 29%
2024-07-16T08:51:59.723Z [Modules] Streaming discord_desktop_core@1 to /home/sidd/.config/discord/0.0.60/modules/pending/discord_desktop_core-1.zip: 30%
2024-07-16T08:51:59.738Z [Modules] Streaming discord_desktop_core@1 to /home/sidd/.config/discord/0.0.60/modules/pending/discord_desktop_core-1.zip: 33%
2024-07-16T08:51:59.740Z [Modules] Streaming discord_desktop_core@1 to /home/sidd/.config/discord/0.0.60/modules/pending/discord_desktop_core-1.zip: 39%
2024-07-16T08:51:59.859Z [Modules] Streaming discord_desktop_core@1 to /home/sidd/.config/discord/0.0.60/modules/pending/discord_desktop_core-1.zip: 42%
2024-07-16T08:51:59.861Z [Modules] Streaming discord_desktop_core@1 to /home/sidd/.config/discord/0.0.60/modules/pending/discord_desktop_core-1.zip: 49%
2024-07-16T08:51:59.960Z [Modules] Streaming discord_desktop_core@1 to /home/sidd/.config/discord/0.0.60/modules/pending/discord_desktop_core-1.zip: 52%
2024-07-16T08:51:59.961Z [Modules] Streaming discord_desktop_core@1 to /home/sidd/.config/discord/0.0.60/modules/pending/discord_desktop_core-1.zip: 53%
2024-07-16T08:51:59.981Z [Modules] Streaming discord_desktop_core@1 to /home/sidd/.config/discord/0.0.60/modules/pending/discord_desktop_core-1.zip: 55%
2024-07-16T08:51:59.983Z [Modules] Streaming discord_desktop_core@1 to /home/sidd/.config/discord/0.0.60/modules/pending/discord_desktop_core-1.zip: 58%
2024-07-16T08:52:00.005Z [Modules] Streaming discord_desktop_core@1 to /home/sidd/.config/discord/0.0.60/modules/pending/discord_desktop_core-1.zip: 60%
2024-07-16T08:52:00.006Z [Modules] Streaming discord_desktop_core@1 to /home/sidd/.config/discord/0.0.60/modules/pending/discord_desktop_core-1.zip: 61%
2024-07-16T08:52:00.019Z [Modules] Streaming discord_desktop_core@1 to /home/sidd/.config/discord/0.0.60/modules/pending/discord_desktop_core-1.zip: 64%
2024-07-16T08:52:00.026Z [Modules] Streaming discord_desktop_core@1 to /home/sidd/.config/discord/0.0.60/modules/pending/discord_desktop_core-1.zip: 66%
2024-07-16T08:52:00.027Z [Modules] Streaming discord_desktop_core@1 to /home/sidd/.config/discord/0.0.60/modules/pending/discord_desktop_core-1.zip: 67%
2024-07-16T08:52:00.039Z [Modules] Streaming discord_desktop_core@1 to /home/sidd/.config/discord/0.0.60/modules/pending/discord_desktop_core-1.zip: 70%
2024-07-16T08:52:00.041Z [Modules] Streaming discord_desktop_core@1 to /home/sidd/.config/discord/0.0.60/modules/pending/discord_desktop_core-1.zip: 83%
2024-07-16T08:52:00.042Z [Modules] Streaming discord_desktop_core@1 to /home/sidd/.config/discord/0.0.60/modules/pending/discord_desktop_core-1.zip: 86%
2024-07-16T08:52:00.116Z [Modules] Streaming discord_desktop_core@1 to /home/sidd/.config/discord/0.0.60/modules/pending/discord_desktop_core-1.zip: 89%
2024-07-16T08:52:00.117Z [Modules] Streaming discord_desktop_core@1 to /home/sidd/.config/discord/0.0.60/modules/pending/discord_desktop_core-1.zip: 92%
2024-07-16T08:52:00.117Z [Modules] Streaming discord_desktop_core@1 to /home/sidd/.config/discord/0.0.60/modules/pending/discord_desktop_core-1.zip: 95%
2024-07-16T08:52:00.147Z [Modules] Streaming discord_desktop_core@1 to /home/sidd/.config/discord/0.0.60/modules/pending/discord_desktop_core-1.zip: 97%
2024-07-16T08:52:00.148Z [Modules] Streaming discord_desktop_core@1 to /home/sidd/.config/discord/0.0.60/modules/pending/discord_desktop_core-1.zip: 100%
2024-07-16T08:52:00.150Z [Modules] Fetching discord_erlpack@1 from https://discord.com/api/modules/stable/discord_erlpack/1
2024-07-16T08:52:00.150Z [Modules] Streaming discord_erlpack@1 to /home/sidd/.config/discord/0.0.60/modules/pending/discord_erlpack-1.zip
2024-07-16T08:52:00.765Z [Modules] Streaming discord_erlpack@1 to /home/sidd/.config/discord/0.0.60/modules/pending/discord_erlpack-1.zip: 2%
2024-07-16T08:52:00.767Z [Modules] Streaming discord_erlpack@1 to /home/sidd/.config/discord/0.0.60/modules/pending/discord_erlpack-1.zip: 3%
2024-07-16T08:52:00.905Z [Modules] Streaming discord_erlpack@1 to /home/sidd/.config/discord/0.0.60/modules/pending/discord_erlpack-1.zip: 6%
2024-07-16T08:52:00.908Z [Modules] Streaming discord_erlpack@1 to /home/sidd/.config/discord/0.0.60/modules/pending/discord_erlpack-1.zip: 9%
2024-07-16T08:52:00.911Z [Modules] Streaming discord_erlpack@1 to /home/sidd/.config/discord/0.0.60/modules/pending/discord_erlpack-1.zip: 10%
2024-07-16T08:52:01.041Z [Modules] Streaming discord_erlpack@1 to /home/sidd/.config/discord/0.0.60/modules/pending/discord_erlpack-1.zip: 13%
2024-07-16T08:52:01.042Z [Modules] Streaming discord_erlpack@1 to /home/sidd/.config/discord/0.0.60/modules/pending/discord_erlpack-1.zip: 15%
2024-07-16T08:52:01.050Z [Modules] Streaming discord_erlpack@1 to /home/sidd/.config/discord/0.0.60/modules/pending/discord_erlpack-1.zip: 18%
2024-07-16T08:52:01.051Z [Modules] Streaming discord_erlpack@1 to /home/sidd/.config/discord/0.0.60/modules/pending/discord_erlpack-1.zip: 20%
2024-07-16T08:52:01.052Z [Modules] Streaming discord_erlpack@1 to /home/sidd/.config/discord/0.0.60/modules/pending/discord_erlpack-1.zip: 23%
2024-07-16T08:52:01.054Z [Modules] Streaming discord_erlpack@1 to /home/sidd/.config/discord/0.0.60/modules/pending/discord_erlpack-1.zip: 39%
2024-07-16T08:52:01.055Z [Modules] Streaming discord_erlpack@1 to /home/sidd/.config/discord/0.0.60/modules/pending/discord_erlpack-1.zip: 40%
2024-07-16T08:52:01.275Z [Modules] Streaming discord_erlpack@1 to /home/sidd/.config/discord/0.0.60/modules/pending/discord_erlpack-1.zip: 43%
2024-07-16T08:52:01.278Z [Modules] Streaming discord_erlpack@1 to /home/sidd/.config/discord/0.0.60/modules/pending/discord_erlpack-1.zip: 56%
2024-07-16T08:52:01.280Z [Modules] Streaming discord_erlpack@1 to /home/sidd/.config/discord/0.0.60/modules/pending/discord_erlpack-1.zip: 65%
2024-07-16T08:52:01.282Z [Modules] Streaming discord_erlpack@1 to /home/sidd/.config/discord/0.0.60/modules/pending/discord_erlpack-1.zip: 78%
2024-07-16T08:52:01.284Z [Modules] Streaming discord_erlpack@1 to /home/sidd/.config/discord/0.0.60/modules/pending/discord_erlpack-1.zip: 95%
2024-07-16T08:52:01.480Z [Modules] Streaming discord_erlpack@1 to /home/sidd/.config/discord/0.0.60/modules/pending/discord_erlpack-1.zip: 97%
2024-07-16T08:52:01.482Z [Modules] Streaming discord_erlpack@1 to /home/sidd/.config/discord/0.0.60/modules/pending/discord_erlpack-1.zip: 98%
2024-07-16T08:52:01.610Z [Modules] Streaming discord_erlpack@1 to /home/sidd/.config/discord/0.0.60/modules/pending/discord_erlpack-1.zip: 100%
2024-07-16T08:52:01.613Z [Modules] Fetching discord_spellcheck@1 from https://discord.com/api/modules/stable/discord_spellcheck/1
2024-07-16T08:52:01.613Z [Modules] Streaming discord_spellcheck@1 to /home/sidd/.config/discord/0.0.60/modules/pending/discord_spellcheck-1.zip
2024-07-16T08:52:02.344Z [Modules] Streaming discord_spellcheck@1 to /home/sidd/.config/discord/0.0.60/modules/pending/discord_spellcheck-1.zip: 1%
2024-07-16T08:52:02.478Z [Modules] Streaming discord_spellcheck@1 to /home/sidd/.config/discord/0.0.60/modules/pending/discord_spellcheck-1.zip: 2%
2024-07-16T08:52:02.483Z [Modules] Streaming discord_spellcheck@1 to /home/sidd/.config/discord/0.0.60/modules/pending/discord_spellcheck-1.zip: 3%
2024-07-16T08:52:02.493Z [Modules] Streaming discord_spellcheck@1 to /home/sidd/.config/discord/0.0.60/modules/pending/discord_spellcheck-1.zip: 4%
2024-07-16T08:52:02.502Z [Modules] Streaming discord_spellcheck@1 to /home/sidd/.config/discord/0.0.60/modules/pending/discord_spellcheck-1.zip: 5%
2024-07-16T08:52:02.504Z [Modules] Streaming discord_spellcheck@1 to /home/sidd/.config/discord/0.0.60/modules/pending/discord_spellcheck-1.zip: 7%
2024-07-16T08:52:02.505Z [Modules] Streaming discord_spellcheck@1 to /home/sidd/.config/discord/0.0.60/modules/pending/discord_spellcheck-1.zip: 10%
2024-07-16T08:52:02.507Z [Modules] Streaming discord_spellcheck@1 to /home/sidd/.config/discord/0.0.60/modules/pending/discord_spellcheck-1.zip: 12%
2024-07-16T08:52:02.508Z [Modules] Streaming discord_spellcheck@1 to /home/sidd/.config/discord/0.0.60/modules/pending/discord_spellcheck-1.zip: 16%
2024-07-16T08:52:02.509Z [Modules] Streaming discord_spellcheck@1 to /home/sidd/.config/discord/0.0.60/modules/pending/discord_spellcheck-1.zip: 19%
2024-07-16T08:52:02.632Z [Modules] Streaming discord_spellcheck@1 to /home/sidd/.config/discord/0.0.60/modules/pending/discord_spellcheck-1.zip: 20%
2024-07-16T08:52:02.782Z [Modules] Streaming discord_spellcheck@1 to /home/sidd/.config/discord/0.0.60/modules/pending/discord_spellcheck-1.zip: 21%
2024-07-16T08:52:02.784Z [Modules] Streaming discord_spellcheck@1 to /home/sidd/.config/discord/0.0.60/modules/pending/discord_spellcheck-1.zip: 22%
2024-07-16T08:52:02.785Z [Modules] Streaming discord_spellcheck@1 to /home/sidd/.config/discord/0.0.60/modules/pending/discord_spellcheck-1.zip: 24%
2024-07-16T08:52:02.787Z [Modules] Streaming discord_spellcheck@1 to /home/sidd/.config/discord/0.0.60/modules/pending/discord_spellcheck-1.zip: 26%
2024-07-16T08:52:02.792Z [Modules] Streaming discord_spellcheck@1 to /home/sidd/.config/discord/0.0.60/modules/pending/discord_spellcheck-1.zip: 27%
2024-07-16T08:52:02.793Z [Modules] Streaming discord_spellcheck@1 to /home/sidd/.config/discord/0.0.60/modules/pending/discord_spellcheck-1.zip: 29%
2024-07-16T08:52:02.802Z [Modules] Streaming discord_spellcheck@1 to /home/sidd/.config/discord/0.0.60/modules/pending/discord_spellcheck-1.zip: 30%
2024-07-16T08:52:02.803Z [Modules] Streaming discord_spellcheck@1 to /home/sidd/.config/discord/0.0.60/modules/pending/discord_spellcheck-1.zip: 31%
2024-07-16T08:52:02.893Z [Modules] Streaming discord_spellcheck@1 to /home/sidd/.config/discord/0.0.60/modules/pending/discord_spellcheck-1.zip: 32%
2024-07-16T08:52:02.917Z [Modules] Streaming discord_spellcheck@1 to /home/sidd/.config/discord/0.0.60/modules/pending/discord_spellcheck-1.zip: 33%
2024-07-16T08:52:02.919Z [Modules] Streaming discord_spellcheck@1 to /home/sidd/.config/discord/0.0.60/modules/pending/discord_spellcheck-1.zip: 37%
2024-07-16T08:52:02.920Z [Modules] Streaming discord_spellcheck@1 to /home/sidd/.config/discord/0.0.60/modules/pending/discord_spellcheck-1.zip: 38%
2024-07-16T08:52:02.928Z [Modules] Streaming discord_spellcheck@1 to /home/sidd/.config/discord/0.0.60/modules/pending/discord_spellcheck-1.zip: 39%
2024-07-16T08:52:02.931Z [Modules] Streaming discord_spellcheck@1 to /home/sidd/.config/discord/0.0.60/modules/pending/discord_spellcheck-1.zip: 40%
2024-07-16T08:52:02.936Z [Modules] Streaming discord_spellcheck@1 to /home/sidd/.config/discord/0.0.60/modules/pending/discord_spellcheck-1.zip: 41%
2024-07-16T08:52:02.940Z [Modules] Streaming discord_spellcheck@1 to /home/sidd/.config/discord/0.0.60/modules/pending/discord_spellcheck-1.zip: 42%
2024-07-16T08:52:03.070Z [Modules] Streaming discord_spellcheck@1 to /home/sidd/.config/discord/0.0.60/modules/pending/discord_spellcheck-1.zip: 43%
2024-07-16T08:52:03.075Z [Modules] Streaming discord_spellcheck@1 to /home/sidd/.config/discord/0.0.60/modules/pending/discord_spellcheck-1.zip: 44%
2024-07-16T08:52:03.077Z [Modules] Streaming discord_spellcheck@1 to /home/sidd/.config/discord/0.0.60/modules/pending/discord_spellcheck-1.zip: 46%
2024-07-16T08:52:03.078Z [Modules] Streaming discord_spellcheck@1 to /home/sidd/.config/discord/0.0.60/modules/pending/discord_spellcheck-1.zip: 47%
2024-07-16T08:52:03.187Z [Modules] Streaming discord_spellcheck@1 to /home/sidd/.config/discord/0.0.60/modules/pending/discord_spellcheck-1.zip: 48%
2024-07-16T08:52:03.194Z [Modules] Streaming discord_spellcheck@1 to /home/sidd/.config/discord/0.0.60/modules/pending/discord_spellcheck-1.zip: 49%
2024-07-16T08:52:03.195Z [Modules] Streaming discord_spellcheck@1 to /home/sidd/.config/discord/0.0.60/modules/pending/discord_spellcheck-1.zip: 50%
2024-07-16T08:52:03.210Z [Modules] Streaming discord_spellcheck@1 to /home/sidd/.config/discord/0.0.60/modules/pending/discord_spellcheck-1.zip: 51%
2024-07-16T08:52:03.213Z [Modules] Streaming discord_spellcheck@1 to /home/sidd/.config/discord/0.0.60/modules/pending/discord_spellcheck-1.zip: 52%
2024-07-16T08:52:03.214Z [Modules] Streaming discord_spellcheck@1 to /home/sidd/.config/discord/0.0.60/modules/pending/discord_spellcheck-1.zip: 54%
2024-07-16T08:52:03.233Z [Modules] Streaming discord_spellcheck@1 to /home/sidd/.config/discord/0.0.60/modules/pending/discord_spellcheck-1.zip: 55%
2024-07-16T08:52:03.235Z [Modules] Streaming discord_spellcheck@1 to /home/sidd/.config/discord/0.0.60/modules/pending/discord_spellcheck-1.zip: 57%
2024-07-16T08:52:03.243Z [Modules] Streaming discord_spellcheck@1 to /home/sidd/.config/discord/0.0.60/modules/pending/discord_spellcheck-1.zip: 58%
2024-07-16T08:52:03.244Z [Modules] Streaming discord_spellcheck@1 to /home/sidd/.config/discord/0.0.60/modules/pending/discord_spellcheck-1.zip: 59%
2024-07-16T08:52:03.251Z [Modules] Streaming discord_spellcheck@1 to /home/sidd/.config/discord/0.0.60/modules/pending/discord_spellcheck-1.zip: 60%
2024-07-16T08:52:03.255Z [Modules] Streaming discord_spellcheck@1 to /home/sidd/.config/discord/0.0.60/modules/pending/discord_spellcheck-1.zip: 61%
2024-07-16T08:52:03.256Z [Modules] Streaming discord_spellcheck@1 to /home/sidd/.config/discord/0.0.60/modules/pending/discord_spellcheck-1.zip: 62%
2024-07-16T08:52:03.256Z [Modules] Streaming discord_spellcheck@1 to /home/sidd/.config/discord/0.0.60/modules/pending/discord_spellcheck-1.zip: 63%
2024-07-16T08:52:03.496Z [Modules] Streaming discord_spellcheck@1 to /home/sidd/.config/discord/0.0.60/modules/pending/discord_spellcheck-1.zip: 64%
2024-07-16T08:52:03.498Z [Modules] Streaming discord_spellcheck@1 to /home/sidd/.config/discord/0.0.60/modules/pending/discord_spellcheck-1.zip: 65%
2024-07-16T08:52:03.517Z [Modules] Streaming discord_spellcheck@1 to /home/sidd/.config/discord/0.0.60/modules/pending/discord_spellcheck-1.zip: 66%
2024-07-16T08:52:03.519Z [Modules] Streaming discord_spellcheck@1 to /home/sidd/.config/discord/0.0.60/modules/pending/discord_spellcheck-1.zip: 71%
2024-07-16T08:52:03.543Z [Modules] Streaming discord_spellcheck@1 to /home/sidd/.config/discord/0.0.60/modules/pending/discord_spellcheck-1.zip: 72%
2024-07-16T08:52:03.545Z [Modules] Streaming discord_spellcheck@1 to /home/sidd/.config/discord/0.0.60/modules/pending/discord_spellcheck-1.zip: 77%
2024-07-16T08:52:03.555Z [Modules] Streaming discord_spellcheck@1 to /home/sidd/.config/discord/0.0.60/modules/pending/discord_spellcheck-1.zip: 78%
2024-07-16T08:52:03.708Z [Modules] Streaming discord_spellcheck@1 to /home/sidd/.config/discord/0.0.60/modules/pending/discord_spellcheck-1.zip: 79%
2024-07-16T08:52:03.709Z [Modules] Streaming discord_spellcheck@1 to /home/sidd/.config/discord/0.0.60/modules/pending/discord_spellcheck-1.zip: 81%
2024-07-16T08:52:03.711Z [Modules] Streaming discord_spellcheck@1 to /home/sidd/.config/discord/0.0.60/modules/pending/discord_spellcheck-1.zip: 82%
2024-07-16T08:52:03.813Z [Modules] Streaming discord_spellcheck@1 to /home/sidd/.config/discord/0.0.60/modules/pending/discord_spellcheck-1.zip: 83%
2024-07-16T08:52:03.814Z [Modules] Streaming discord_spellcheck@1 to /home/sidd/.config/discord/0.0.60/modules/pending/discord_spellcheck-1.zip: 85%
2024-07-16T08:52:03.815Z [Modules] Streaming discord_spellcheck@1 to /home/sidd/.config/discord/0.0.60/modules/pending/discord_spellcheck-1.zip: 86%
2024-07-16T08:52:03.819Z [Modules] Streaming discord_spellcheck@1 to /home/sidd/.config/discord/0.0.60/modules/pending/discord_spellcheck-1.zip: 87%
2024-07-16T08:52:03.820Z [Modules] Streaming discord_spellcheck@1 to /home/sidd/.config/discord/0.0.60/modules/pending/discord_spellcheck-1.zip: 88%
2024-07-16T08:52:03.824Z [Modules] Streaming discord_spellcheck@1 to /home/sidd/.config/discord/0.0.60/modules/pending/discord_spellcheck-1.zip: 89%
2024-07-16T08:52:03.825Z [Modules] Streaming discord_spellcheck@1 to /home/sidd/.config/discord/0.0.60/modules/pending/discord_spellcheck-1.zip: 90%
2024-07-16T08:52:03.835Z [Modules] Streaming discord_spellcheck@1 to /home/sidd/.config/discord/0.0.60/modules/pending/discord_spellcheck-1.zip: 91%
2024-07-16T08:52:03.841Z [Modules] Streaming discord_spellcheck@1 to /home/sidd/.config/discord/0.0.60/modules/pending/discord_spellcheck-1.zip: 92%
2024-07-16T08:52:03.843Z [Modules] Streaming discord_spellcheck@1 to /home/sidd/.config/discord/0.0.60/modules/pending/discord_spellcheck-1.zip: 94%
2024-07-16T08:52:04.082Z [Modules] Streaming discord_spellcheck@1 to /home/sidd/.config/discord/0.0.60/modules/pending/discord_spellcheck-1.zip: 95%
2024-07-16T08:52:04.083Z [Modules] Streaming discord_spellcheck@1 to /home/sidd/.config/discord/0.0.60/modules/pending/discord_spellcheck-1.zip: 97%
2024-07-16T08:52:04.096Z [Modules] Streaming discord_spellcheck@1 to /home/sidd/.config/discord/0.0.60/modules/pending/discord_spellcheck-1.zip: 98%
2024-07-16T08:52:04.096Z [Modules] Streaming discord_spellcheck@1 to /home/sidd/.config/discord/0.0.60/modules/pending/discord_spellcheck-1.zip: 99%
2024-07-16T08:52:04.102Z [Modules] Streaming discord_spellcheck@1 to /home/sidd/.config/discord/0.0.60/modules/pending/discord_spellcheck-1.zip: 100%
2024-07-16T08:52:04.103Z [Modules] Fetching discord_utils@1 from https://discord.com/api/modules/stable/discord_utils/1
2024-07-16T08:52:04.103Z [Modules] Streaming discord_utils@1 to /home/sidd/.config/discord/0.0.60/modules/pending/discord_utils-1.zip
2024-07-16T08:52:04.635Z [Modules] Streaming discord_utils@1 to /home/sidd/.config/discord/0.0.60/modules/pending/discord_utils-1.zip: 2%
2024-07-16T08:52:04.768Z [Modules] Streaming discord_utils@1 to /home/sidd/.config/discord/0.0.60/modules/pending/discord_utils-1.zip: 4%
2024-07-16T08:52:04.769Z [Modules] Streaming discord_utils@1 to /home/sidd/.config/discord/0.0.60/modules/pending/discord_utils-1.zip: 5%
2024-07-16T08:52:04.779Z [Modules] Streaming discord_utils@1 to /home/sidd/.config/discord/0.0.60/modules/pending/discord_utils-1.zip: 7%
2024-07-16T08:52:04.780Z [Modules] Streaming discord_utils@1 to /home/sidd/.config/discord/0.0.60/modules/pending/discord_utils-1.zip: 11%
2024-07-16T08:52:04.784Z [Modules] Streaming discord_utils@1 to /home/sidd/.config/discord/0.0.60/modules/pending/discord_utils-1.zip: 13%
2024-07-16T08:52:04.785Z [Modules] Streaming discord_utils@1 to /home/sidd/.config/discord/0.0.60/modules/pending/discord_utils-1.zip: 14%
2024-07-16T08:52:04.793Z [Modules] Streaming discord_utils@1 to /home/sidd/.config/discord/0.0.60/modules/pending/discord_utils-1.zip: 15%
2024-07-16T08:52:04.794Z [Modules] Streaming discord_utils@1 to /home/sidd/.config/discord/0.0.60/modules/pending/discord_utils-1.zip: 16%
2024-07-16T08:52:04.796Z [Modules] Streaming discord_utils@1 to /home/sidd/.config/discord/0.0.60/modules/pending/discord_utils-1.zip: 18%
2024-07-16T08:52:04.797Z [Modules] Streaming discord_utils@1 to /home/sidd/.config/discord/0.0.60/modules/pending/discord_utils-1.zip: 19%
2024-07-16T08:52:04.806Z [Modules] Streaming discord_utils@1 to /home/sidd/.config/discord/0.0.60/modules/pending/discord_utils-1.zip: 21%
2024-07-16T08:52:04.808Z [Modules] Streaming discord_utils@1 to /home/sidd/.config/discord/0.0.60/modules/pending/discord_utils-1.zip: 28%
2024-07-16T08:52:04.809Z [Modules] Streaming discord_utils@1 to /home/sidd/.config/discord/0.0.60/modules/pending/discord_utils-1.zip: 30%
2024-07-16T08:52:04.820Z [Modules] Streaming discord_utils@1 to /home/sidd/.config/discord/0.0.60/modules/pending/discord_utils-1.zip: 31%
2024-07-16T08:52:04.821Z [Modules] Streaming discord_utils@1 to /home/sidd/.config/discord/0.0.60/modules/pending/discord_utils-1.zip: 33%
2024-07-16T08:52:04.823Z [Modules] Streaming discord_utils@1 to /home/sidd/.config/discord/0.0.60/modules/pending/discord_utils-1.zip: 35%
2024-07-16T08:52:04.824Z [Modules] Streaming discord_utils@1 to /home/sidd/.config/discord/0.0.60/modules/pending/discord_utils-1.zip: 36%
2024-07-16T08:52:04.825Z [Modules] Streaming discord_utils@1 to /home/sidd/.config/discord/0.0.60/modules/pending/discord_utils-1.zip: 38%
2024-07-16T08:52:04.826Z [Modules] Streaming discord_utils@1 to /home/sidd/.config/discord/0.0.60/modules/pending/discord_utils-1.zip: 45%
2024-07-16T08:52:04.857Z [Modules] Streaming discord_utils@1 to /home/sidd/.config/discord/0.0.60/modules/pending/discord_utils-1.zip: 47%
2024-07-16T08:52:04.859Z [Modules] Streaming discord_utils@1 to /home/sidd/.config/discord/0.0.60/modules/pending/discord_utils-1.zip: 57%
2024-07-16T08:52:04.865Z [Modules] Streaming discord_utils@1 to /home/sidd/.config/discord/0.0.60/modules/pending/discord_utils-1.zip: 59%
2024-07-16T08:52:04.896Z [Modules] Streaming discord_utils@1 to /home/sidd/.config/discord/0.0.60/modules/pending/discord_utils-1.zip: 61%
2024-07-16T08:52:04.952Z [Modules] Streaming discord_utils@1 to /home/sidd/.config/discord/0.0.60/modules/pending/discord_utils-1.zip: 62%
2024-07-16T08:52:04.954Z [Modules] Streaming discord_utils@1 to /home/sidd/.config/discord/0.0.60/modules/pending/discord_utils-1.zip: 64%
2024-07-16T08:52:04.962Z [Modules] Streaming discord_utils@1 to /home/sidd/.config/discord/0.0.60/modules/pending/discord_utils-1.zip: 65%
2024-07-16T08:52:05.098Z [Modules] Streaming discord_utils@1 to /home/sidd/.config/discord/0.0.60/modules/pending/discord_utils-1.zip: 67%
2024-07-16T08:52:05.099Z [Modules] Streaming discord_utils@1 to /home/sidd/.config/discord/0.0.60/modules/pending/discord_utils-1.zip: 70%
2024-07-16T08:52:05.112Z [Modules] Streaming discord_utils@1 to /home/sidd/.config/discord/0.0.60/modules/pending/discord_utils-1.zip: 72%
2024-07-16T08:52:05.113Z [Modules] Streaming discord_utils@1 to /home/sidd/.config/discord/0.0.60/modules/pending/discord_utils-1.zip: 78%
2024-07-16T08:52:05.114Z [Modules] Streaming discord_utils@1 to /home/sidd/.config/discord/0.0.60/modules/pending/discord_utils-1.zip: 83%
2024-07-16T08:52:05.121Z [Modules] Streaming discord_utils@1 to /home/sidd/.config/discord/0.0.60/modules/pending/discord_utils-1.zip: 85%
2024-07-16T08:52:05.122Z [Modules] Streaming discord_utils@1 to /home/sidd/.config/discord/0.0.60/modules/pending/discord_utils-1.zip: 86%
2024-07-16T08:52:05.127Z [Modules] Streaming discord_utils@1 to /home/sidd/.config/discord/0.0.60/modules/pending/discord_utils-1.zip: 88%
2024-07-16T08:52:05.128Z [Modules] Streaming discord_utils@1 to /home/sidd/.config/discord/0.0.60/modules/pending/discord_utils-1.zip: 90%
2024-07-16T08:52:05.133Z [Modules] Streaming discord_utils@1 to /home/sidd/.config/discord/0.0.60/modules/pending/discord_utils-1.zip: 92%
2024-07-16T08:52:05.135Z [Modules] Streaming discord_utils@1 to /home/sidd/.config/discord/0.0.60/modules/pending/discord_utils-1.zip: 98%
2024-07-16T08:52:05.136Z [Modules] Streaming discord_utils@1 to /home/sidd/.config/discord/0.0.60/modules/pending/discord_utils-1.zip: 100%
2024-07-16T08:52:05.138Z [Modules] Fetching discord_voice@1 from https://discord.com/api/modules/stable/discord_voice/1
2024-07-16T08:52:05.138Z [Modules] Streaming discord_voice@1 to /home/sidd/.config/discord/0.0.60/modules/pending/discord_voice-1.zip
2024-07-16T08:52:06.054Z [Modules] Streaming discord_voice@1 to /home/sidd/.config/discord/0.0.60/modules/pending/discord_voice-1.zip: 1%
2024-07-16T08:52:06.055Z [Modules] Streaming discord_voice@1 to /home/sidd/.config/discord/0.0.60/modules/pending/discord_voice-1.zip: 2%
2024-07-16T08:52:06.086Z [Modules] Streaming discord_voice@1 to /home/sidd/.config/discord/0.0.60/modules/pending/discord_voice-1.zip: 3%
2024-07-16T08:52:06.089Z [Modules] Streaming discord_voice@1 to /home/sidd/.config/discord/0.0.60/modules/pending/discord_voice-1.zip: 4%
2024-07-16T08:52:06.091Z [Modules] Streaming discord_voice@1 to /home/sidd/.config/discord/0.0.60/modules/pending/discord_voice-1.zip: 5%
2024-07-16T08:52:06.093Z [Modules] Streaming discord_voice@1 to /home/sidd/.config/discord/0.0.60/modules/pending/discord_voice-1.zip: 6%
2024-07-16T08:52:06.094Z [Modules] Streaming discord_voice@1 to /home/sidd/.config/discord/0.0.60/modules/pending/discord_voice-1.zip: 7%
2024-07-16T08:52:06.094Z [Modules] Streaming discord_voice@1 to /home/sidd/.config/discord/0.0.60/modules/pending/discord_voice-1.zip: 8%
2024-07-16T08:52:06.631Z [Modules] Streaming discord_voice@1 to /home/sidd/.config/discord/0.0.60/modules/pending/discord_voice-1.zip: 9%
2024-07-16T08:52:06.766Z [Modules] Streaming discord_voice@1 to /home/sidd/.config/discord/0.0.60/modules/pending/discord_voice-1.zip: 10%
2024-07-16T08:52:07.041Z [Modules] Streaming discord_voice@1 to /home/sidd/.config/discord/0.0.60/modules/pending/discord_voice-1.zip: 11%
2024-07-16T08:52:07.055Z [Modules] Streaming discord_voice@1 to /home/sidd/.config/discord/0.0.60/modules/pending/discord_voice-1.zip: 12%
2024-07-16T08:52:07.183Z [Modules] Streaming discord_voice@1 to /home/sidd/.config/discord/0.0.60/modules/pending/discord_voice-1.zip: 13%
2024-07-16T08:52:07.201Z [Modules] Streaming discord_voice@1 to /home/sidd/.config/discord/0.0.60/modules/pending/discord_voice-1.zip: 14%
2024-07-16T08:52:07.247Z [Modules] Streaming discord_voice@1 to /home/sidd/.config/discord/0.0.60/modules/pending/discord_voice-1.zip: 15%
2024-07-16T08:52:07.335Z [Modules] Streaming discord_voice@1 to /home/sidd/.config/discord/0.0.60/modules/pending/discord_voice-1.zip: 16%
2024-07-16T08:52:07.337Z [Modules] Streaming discord_voice@1 to /home/sidd/.config/discord/0.0.60/modules/pending/discord_voice-1.zip: 17%
2024-07-16T08:52:07.338Z [Modules] Streaming discord_voice@1 to /home/sidd/.config/discord/0.0.60/modules/pending/discord_voice-1.zip: 18%
2024-07-16T08:52:07.340Z [Modules] Streaming discord_voice@1 to /home/sidd/.config/discord/0.0.60/modules/pending/discord_voice-1.zip: 19%
2024-07-16T08:52:07.480Z [Modules] Streaming discord_voice@1 to /home/sidd/.config/discord/0.0.60/modules/pending/discord_voice-1.zip: 20%
2024-07-16T08:52:07.610Z [Modules] Streaming discord_voice@1 to /home/sidd/.config/discord/0.0.60/modules/pending/discord_voice-1.zip: 21%
2024-07-16T08:52:07.625Z [Modules] Streaming discord_voice@1 to /home/sidd/.config/discord/0.0.60/modules/pending/discord_voice-1.zip: 22%
2024-07-16T08:52:07.627Z [Modules] Streaming discord_voice@1 to /home/sidd/.config/discord/0.0.60/modules/pending/discord_voice-1.zip: 23%
2024-07-16T08:52:07.629Z [Modules] Streaming discord_voice@1 to /home/sidd/.config/discord/0.0.60/modules/pending/discord_voice-1.zip: 24%
2024-07-16T08:52:07.640Z [Modules] Streaming discord_voice@1 to /home/sidd/.config/discord/0.0.60/modules/pending/discord_voice-1.zip: 25%
2024-07-16T08:52:07.660Z [Modules] Streaming discord_voice@1 to /home/sidd/.config/discord/0.0.60/modules/pending/discord_voice-1.zip: 26%
2024-07-16T08:52:07.672Z [Modules] Streaming discord_voice@1 to /home/sidd/.config/discord/0.0.60/modules/pending/discord_voice-1.zip: 27%
2024-07-16T08:52:07.897Z [Modules] Streaming discord_voice@1 to /home/sidd/.config/discord/0.0.60/modules/pending/discord_voice-1.zip: 28%
2024-07-16T08:52:07.900Z [Modules] Streaming discord_voice@1 to /home/sidd/.config/discord/0.0.60/modules/pending/discord_voice-1.zip: 29%
2024-07-16T08:52:07.913Z [Modules] Streaming discord_voice@1 to /home/sidd/.config/discord/0.0.60/modules/pending/discord_voice-1.zip: 30%
2024-07-16T08:52:07.915Z [Modules] Streaming discord_voice@1 to /home/sidd/.config/discord/0.0.60/modules/pending/discord_voice-1.zip: 31%
2024-07-16T08:52:07.934Z [Modules] Streaming discord_voice@1 to /home/sidd/.config/discord/0.0.60/modules/pending/discord_voice-1.zip: 32%
2024-07-16T08:52:07.940Z [Modules] Streaming discord_voice@1 to /home/sidd/.config/discord/0.0.60/modules/pending/discord_voice-1.zip: 33%
2024-07-16T08:52:07.961Z [Modules] Streaming discord_voice@1 to /home/sidd/.config/discord/0.0.60/modules/pending/discord_voice-1.zip: 34%
2024-07-16T08:52:07.965Z [Modules] Streaming discord_voice@1 to /home/sidd/.config/discord/0.0.60/modules/pending/discord_voice-1.zip: 35%
2024-07-16T08:52:08.068Z [Modules] Streaming discord_voice@1 to /home/sidd/.config/discord/0.0.60/modules/pending/discord_voice-1.zip: 36%
2024-07-16T08:52:08.191Z [Modules] Streaming discord_voice@1 to /home/sidd/.config/discord/0.0.60/modules/pending/discord_voice-1.zip: 37%
2024-07-16T08:52:08.212Z [Modules] Streaming discord_voice@1 to /home/sidd/.config/discord/0.0.60/modules/pending/discord_voice-1.zip: 38%
2024-07-16T08:52:08.222Z [Modules] Streaming discord_voice@1 to /home/sidd/.config/discord/0.0.60/modules/pending/discord_voice-1.zip: 39%
2024-07-16T08:52:08.231Z [Modules] Streaming discord_voice@1 to /home/sidd/.config/discord/0.0.60/modules/pending/discord_voice-1.zip: 40%
2024-07-16T08:52:08.269Z [Modules] Streaming discord_voice@1 to /home/sidd/.config/discord/0.0.60/modules/pending/discord_voice-1.zip: 41%
2024-07-16T08:52:08.274Z [Modules] Streaming discord_voice@1 to /home/sidd/.config/discord/0.0.60/modules/pending/discord_voice-1.zip: 42%
2024-07-16T08:52:08.276Z [Modules] Streaming discord_voice@1 to /home/sidd/.config/discord/0.0.60/modules/pending/discord_voice-1.zip: 43%
2024-07-16T08:52:08.344Z [Modules] Streaming discord_voice@1 to /home/sidd/.config/discord/0.0.60/modules/pending/discord_voice-1.zip: 44%
2024-07-16T08:52:08.503Z [Modules] Streaming discord_voice@1 to /home/sidd/.config/discord/0.0.60/modules/pending/discord_voice-1.zip: 45%
2024-07-16T08:52:08.544Z [Modules] Streaming discord_voice@1 to /home/sidd/.config/discord/0.0.60/modules/pending/discord_voice-1.zip: 46%
2024-07-16T08:52:08.568Z [Modules] Streaming discord_voice@1 to /home/sidd/.config/discord/0.0.60/modules/pending/discord_voice-1.zip: 47%
2024-07-16T08:52:08.576Z [Modules] Streaming discord_voice@1 to /home/sidd/.config/discord/0.0.60/modules/pending/discord_voice-1.zip: 48%
2024-07-16T08:52:08.731Z [Modules] Streaming discord_voice@1 to /home/sidd/.config/discord/0.0.60/modules/pending/discord_voice-1.zip: 49%
2024-07-16T08:52:08.732Z [Modules] Streaming discord_voice@1 to /home/sidd/.config/discord/0.0.60/modules/pending/discord_voice-1.zip: 50%
2024-07-16T08:52:08.732Z [Modules] Streaming discord_voice@1 to /home/sidd/.config/discord/0.0.60/modules/pending/discord_voice-1.zip: 51%
2024-07-16T08:52:08.733Z [Modules] Streaming discord_voice@1 to /home/sidd/.config/discord/0.0.60/modules/pending/discord_voice-1.zip: 52%
2024-07-16T08:52:08.734Z [Modules] Streaming discord_voice@1 to /home/sidd/.config/discord/0.0.60/modules/pending/discord_voice-1.zip: 53%
2024-07-16T08:52:08.877Z [Modules] Streaming discord_voice@1 to /home/sidd/.config/discord/0.0.60/modules/pending/discord_voice-1.zip: 54%
2024-07-16T08:52:09.016Z [Modules] Streaming discord_voice@1 to /home/sidd/.config/discord/0.0.60/modules/pending/discord_voice-1.zip: 55%
2024-07-16T08:52:09.046Z [Modules] Streaming discord_voice@1 to /home/sidd/.config/discord/0.0.60/modules/pending/discord_voice-1.zip: 56%
2024-07-16T08:52:09.066Z [Modules] Streaming discord_voice@1 to /home/sidd/.config/discord/0.0.60/modules/pending/discord_voice-1.zip: 57%
2024-07-16T08:52:09.086Z [Modules] Streaming discord_voice@1 to /home/sidd/.config/discord/0.0.60/modules/pending/discord_voice-1.zip: 58%
2024-07-16T08:52:09.088Z [Modules] Streaming discord_voice@1 to /home/sidd/.config/discord/0.0.60/modules/pending/discord_voice-1.zip: 59%
2024-07-16T08:52:09.126Z [Modules] Streaming discord_voice@1 to /home/sidd/.config/discord/0.0.60/modules/pending/discord_voice-1.zip: 60%
2024-07-16T08:52:09.145Z [Modules] Streaming discord_voice@1 to /home/sidd/.config/discord/0.0.60/modules/pending/discord_voice-1.zip: 61%
2024-07-16T08:52:09.160Z [Modules] Streaming discord_voice@1 to /home/sidd/.config/discord/0.0.60/modules/pending/discord_voice-1.zip: 62%
2024-07-16T08:52:09.225Z [Modules] Streaming discord_voice@1 to /home/sidd/.config/discord/0.0.60/modules/pending/discord_voice-1.zip: 63%
2024-07-16T08:52:09.388Z [Modules] Streaming discord_voice@1 to /home/sidd/.config/discord/0.0.60/modules/pending/discord_voice-1.zip: 64%
2024-07-16T08:52:09.403Z [Modules] Streaming discord_voice@1 to /home/sidd/.config/discord/0.0.60/modules/pending/discord_voice-1.zip: 65%
2024-07-16T08:52:09.546Z [Modules] Streaming discord_voice@1 to /home/sidd/.config/discord/0.0.60/modules/pending/discord_voice-1.zip: 66%
2024-07-16T08:52:09.548Z [Modules] Streaming discord_voice@1 to /home/sidd/.config/discord/0.0.60/modules/pending/discord_voice-1.zip: 67%
2024-07-16T08:52:09.550Z [Modules] Streaming discord_voice@1 to /home/sidd/.config/discord/0.0.60/modules/pending/discord_voice-1.zip: 68%
2024-07-16T08:52:09.552Z [Modules] Streaming discord_voice@1 to /home/sidd/.config/discord/0.0.60/modules/pending/discord_voice-1.zip: 69%
2024-07-16T08:52:09.553Z [Modules] Streaming discord_voice@1 to /home/sidd/.config/discord/0.0.60/modules/pending/discord_voice-1.zip: 70%
2024-07-16T08:52:09.555Z [Modules] Streaming discord_voice@1 to /home/sidd/.config/discord/0.0.60/modules/pending/discord_voice-1.zip: 71%
2024-07-16T08:52:09.937Z [Modules] Streaming discord_voice@1 to /home/sidd/.config/discord/0.0.60/modules/pending/discord_voice-1.zip: 72%
2024-07-16T08:52:10.086Z [Modules] Streaming discord_voice@1 to /home/sidd/.config/discord/0.0.60/modules/pending/discord_voice-1.zip: 73%
2024-07-16T08:52:10.094Z [Modules] Streaming discord_voice@1 to /home/sidd/.config/discord/0.0.60/modules/pending/discord_voice-1.zip: 74%
2024-07-16T08:52:10.113Z [Modules] Streaming discord_voice@1 to /home/sidd/.config/discord/0.0.60/modules/pending/discord_voice-1.zip: 75%
2024-07-16T08:52:10.137Z [Modules] Streaming discord_voice@1 to /home/sidd/.config/discord/0.0.60/modules/pending/discord_voice-1.zip: 76%
2024-07-16T08:52:10.158Z [Modules] Streaming discord_voice@1 to /home/sidd/.config/discord/0.0.60/modules/pending/discord_voice-1.zip: 77%
2024-07-16T08:52:10.174Z [Modules] Streaming discord_voice@1 to /home/sidd/.config/discord/0.0.60/modules/pending/discord_voice-1.zip: 78%
2024-07-16T08:52:10.191Z [Modules] Streaming discord_voice@1 to /home/sidd/.config/discord/0.0.60/modules/pending/discord_voice-1.zip: 79%
2024-07-16T08:52:10.226Z [Modules] Streaming discord_voice@1 to /home/sidd/.config/discord/0.0.60/modules/pending/discord_voice-1.zip: 80%
2024-07-16T08:52:10.228Z [Modules] Streaming discord_voice@1 to /home/sidd/.config/discord/0.0.60/modules/pending/discord_voice-1.zip: 81%
2024-07-16T08:52:10.481Z [Modules] Streaming discord_voice@1 to /home/sidd/.config/discord/0.0.60/modules/pending/discord_voice-1.zip: 82%
2024-07-16T08:52:10.483Z [Modules] Streaming discord_voice@1 to /home/sidd/.config/discord/0.0.60/modules/pending/discord_voice-1.zip: 83%
2024-07-16T08:52:10.484Z [Modules] Streaming discord_voice@1 to /home/sidd/.config/discord/0.0.60/modules/pending/discord_voice-1.zip: 84%
2024-07-16T08:52:10.490Z [Modules] Streaming discord_voice@1 to /home/sidd/.config/discord/0.0.60/modules/pending/discord_voice-1.zip: 85%
2024-07-16T08:52:10.514Z [Modules] Streaming discord_voice@1 to /home/sidd/.config/discord/0.0.60/modules/pending/discord_voice-1.zip: 86%
2024-07-16T08:52:10.523Z [Modules] Streaming discord_voice@1 to /home/sidd/.config/discord/0.0.60/modules/pending/discord_voice-1.zip: 87%
2024-07-16T08:52:10.550Z [Modules] Streaming discord_voice@1 to /home/sidd/.config/discord/0.0.60/modules/pending/discord_voice-1.zip: 88%
2024-07-16T08:52:10.622Z [Modules] Streaming discord_voice@1 to /home/sidd/.config/discord/0.0.60/modules/pending/discord_voice-1.zip: 89%
2024-07-16T08:52:10.667Z [Modules] Streaming discord_voice@1 to /home/sidd/.config/discord/0.0.60/modules/pending/discord_voice-1.zip: 90%
2024-07-16T08:52:10.788Z [Modules] Streaming discord_voice@1 to /home/sidd/.config/discord/0.0.60/modules/pending/discord_voice-1.zip: 91%
2024-07-16T08:52:10.791Z [Modules] Streaming discord_voice@1 to /home/sidd/.config/discord/0.0.60/modules/pending/discord_voice-1.zip: 92%
2024-07-16T08:52:10.831Z [Modules] Streaming discord_voice@1 to /home/sidd/.config/discord/0.0.60/modules/pending/discord_voice-1.zip: 93%
2024-07-16T08:52:10.832Z [Modules] Streaming discord_voice@1 to /home/sidd/.config/discord/0.0.60/modules/pending/discord_voice-1.zip: 94%
2024-07-16T08:52:10.892Z [Modules] Streaming discord_voice@1 to /home/sidd/.config/discord/0.0.60/modules/pending/discord_voice-1.zip: 95%
2024-07-16T08:52:10.924Z [Modules] Streaming discord_voice@1 to /home/sidd/.config/discord/0.0.60/modules/pending/discord_voice-1.zip: 96%
2024-07-16T08:52:10.926Z [Modules] Streaming discord_voice@1 to /home/sidd/.config/discord/0.0.60/modules/pending/discord_voice-1.zip: 97%
2024-07-16T08:52:11.088Z [Modules] Streaming discord_voice@1 to /home/sidd/.config/discord/0.0.60/modules/pending/discord_voice-1.zip: 98%
2024-07-16T08:52:11.174Z [Modules] Streaming discord_voice@1 to /home/sidd/.config/discord/0.0.60/modules/pending/discord_voice-1.zip: 99%
2024-07-16T08:52:11.190Z [Modules] Streaming discord_voice@1 to /home/sidd/.config/discord/0.0.60/modules/pending/discord_voice-1.zip: 100%
2024-07-16T08:52:11.192Z [Modules] Fetching discord_zstd@1 from https://discord.com/api/modules/stable/discord_zstd/1
2024-07-16T08:52:11.192Z [Modules] Streaming discord_zstd@1 to /home/sidd/.config/discord/0.0.60/modules/pending/discord_zstd-1.zip
2024-07-16T08:52:11.721Z [Modules] Streaming discord_zstd@1 to /home/sidd/.config/discord/0.0.60/modules/pending/discord_zstd-1.zip: 4%
2024-07-16T08:52:11.849Z [Modules] Streaming discord_zstd@1 to /home/sidd/.config/discord/0.0.60/modules/pending/discord_zstd-1.zip: 20%
2024-07-16T08:52:11.850Z [Modules] Streaming discord_zstd@1 to /home/sidd/.config/discord/0.0.60/modules/pending/discord_zstd-1.zip: 52%
2024-07-16T08:52:11.869Z [Modules] Streaming discord_zstd@1 to /home/sidd/.config/discord/0.0.60/modules/pending/discord_zstd-1.zip: 68%
2024-07-16T08:52:11.870Z [Modules] Streaming discord_zstd@1 to /home/sidd/.config/discord/0.0.60/modules/pending/discord_zstd-1.zip: 76%
2024-07-16T08:52:11.880Z [Modules] Streaming discord_zstd@1 to /home/sidd/.config/discord/0.0.60/modules/pending/discord_zstd-1.zip: 92%
2024-07-16T08:52:11.881Z [Modules] Streaming discord_zstd@1 to /home/sidd/.config/discord/0.0.60/modules/pending/discord_zstd-1.zip: 100%
2024-07-16T08:52:11.882Z [Modules] Finished module downloads. [success: 6] [failure: 0]
2024-07-16T08:52:11.883Z [Modules] Installing updates...
2024-07-16T08:52:11.883Z [Modules] Installing discord_desktop_core@1 from /home/sidd/.config/discord/0.0.60/modules/pending/discord_desktop_core-1.zip
2024-07-16T08:52:11.978Z [Modules] Installing discord_erlpack@1 from /home/sidd/.config/discord/0.0.60/modules/pending/discord_erlpack-1.zip
2024-07-16T08:52:12.039Z [Modules] Installing discord_spellcheck@1 from /home/sidd/.config/discord/0.0.60/modules/pending/discord_spellcheck-1.zip
2024-07-16T08:52:12.853Z [Modules] Installing discord_utils@1 from /home/sidd/.config/discord/0.0.60/modules/pending/discord_utils-1.zip
2024-07-16T08:52:12.982Z [Modules] Installing discord_voice@1 from /home/sidd/.config/discord/0.0.60/modules/pending/discord_voice-1.zip
2024-07-16T08:52:13.533Z [Modules] Installing discord_zstd@1 from /home/sidd/.config/discord/0.0.60/modules/pending/discord_zstd-1.zip
2024-07-16T08:52:13.546Z [Modules] Finished module installations. [success: 6] [failure: 0]
2024-07-16T08:52:13.546Z [Modules] Checking for host updates.
2024-07-16T08:52:13.909Z [Modules] Host is up to date.
2024-07-16T08:52:13.909Z [Modules] Checking for module updates at https://discord.com/api/modules/stable/versions.json
2024-07-16T08:52:13.914Z [Modules] No module updates available.
2024-07-16T08:52:14.853Z [Modules] Starting to install discord_krisp...
2024-07-16T08:52:14.854Z [Modules] Fetching discord_krisp@1 from https://discord.com/api/modules/stable/discord_krisp/1
2024-07-16T08:52:14.854Z [Modules] Streaming discord_krisp@1 to /home/sidd/.config/discord/0.0.60/modules/pending/discord_krisp-1.zip
2024-07-16T08:52:14.861Z [Modules] Starting to install discord_game_utils...
2024-07-16T08:52:15.547Z [Modules] Checking for host updates.
2024-07-16T08:52:15.555Z [Modules] Streaming discord_krisp@1 to /home/sidd/.config/discord/0.0.60/modules/pending/discord_krisp-1.zip: 1%
2024-07-16T08:52:15.575Z [Modules] Streaming discord_krisp@1 to /home/sidd/.config/discord/0.0.60/modules/pending/discord_krisp-1.zip: 2%
2024-07-16T08:52:15.610Z [Modules] Streaming discord_krisp@1 to /home/sidd/.config/discord/0.0.60/modules/pending/discord_krisp-1.zip: 3%
2024-07-16T08:52:15.620Z [Modules] Streaming discord_krisp@1 to /home/sidd/.config/discord/0.0.60/modules/pending/discord_krisp-1.zip: 4%
2024-07-16T08:52:15.656Z [Modules] Starting to install discord_rpc...
2024-07-16T08:52:15.658Z [Modules] Streaming discord_krisp@1 to /home/sidd/.config/discord/0.0.60/modules/pending/discord_krisp-1.zip: 5%
2024-07-16T08:52:15.689Z [Modules] Streaming discord_krisp@1 to /home/sidd/.config/discord/0.0.60/modules/pending/discord_krisp-1.zip: 6%
2024-07-16T08:52:15.689Z [Modules] Streaming discord_krisp@1 to /home/sidd/.config/discord/0.0.60/modules/pending/discord_krisp-1.zip: 7%
2024-07-16T08:52:15.746Z [Modules] Streaming discord_krisp@1 to /home/sidd/.config/discord/0.0.60/modules/pending/discord_krisp-1.zip: 8%
2024-07-16T08:52:15.803Z [Modules] Streaming discord_krisp@1 to /home/sidd/.config/discord/0.0.60/modules/pending/discord_krisp-1.zip: 9%
2024-07-16T08:52:15.941Z [Modules] Host is up to date.
2024-07-16T08:52:15.941Z [Modules] Checking for module updates at https://discord.com/api/modules/stable/versions.json
2024-07-16T08:52:15.944Z [Modules] No module updates available.
2024-07-16T08:52:15.950Z [Modules] Streaming discord_krisp@1 to /home/sidd/.config/discord/0.0.60/modules/pending/discord_krisp-1.zip: 10%
2024-07-16T08:52:15.950Z [Modules] Streaming discord_krisp@1 to /home/sidd/.config/discord/0.0.60/modules/pending/discord_krisp-1.zip: 11%
2024-07-16T08:52:15.997Z [Modules] Streaming discord_krisp@1 to /home/sidd/.config/discord/0.0.60/modules/pending/discord_krisp-1.zip: 12%
2024-07-16T08:52:16.022Z [Modules] Streaming discord_krisp@1 to /home/sidd/.config/discord/0.0.60/modules/pending/discord_krisp-1.zip: 13%
2024-07-16T08:52:16.053Z [Modules] Streaming discord_krisp@1 to /home/sidd/.config/discord/0.0.60/modules/pending/discord_krisp-1.zip: 14%
2024-07-16T08:52:16.089Z [Modules] Streaming discord_krisp@1 to /home/sidd/.config/discord/0.0.60/modules/pending/discord_krisp-1.zip: 15%
2024-07-16T08:52:16.113Z [Modules] Streaming discord_krisp@1 to /home/sidd/.config/discord/0.0.60/modules/pending/discord_krisp-1.zip: 16%
2024-07-16T08:52:16.115Z [Modules] Streaming discord_krisp@1 to /home/sidd/.config/discord/0.0.60/modules/pending/discord_krisp-1.zip: 17%
2024-07-16T08:52:16.297Z [Modules] Streaming discord_krisp@1 to /home/sidd/.config/discord/0.0.60/modules/pending/discord_krisp-1.zip: 18%
2024-07-16T08:52:16.330Z [Modules] Streaming discord_krisp@1 to /home/sidd/.config/discord/0.0.60/modules/pending/discord_krisp-1.zip: 19%
2024-07-16T08:52:16.346Z [Modules] Streaming discord_krisp@1 to /home/sidd/.config/discord/0.0.60/modules/pending/discord_krisp-1.zip: 20%
2024-07-16T08:52:16.400Z [Modules] Streaming discord_krisp@1 to /home/sidd/.config/discord/0.0.60/modules/pending/discord_krisp-1.zip: 21%
2024-07-16T08:52:16.415Z [Modules] Streaming discord_krisp@1 to /home/sidd/.config/discord/0.0.60/modules/pending/discord_krisp-1.zip: 22%
2024-07-16T08:52:16.447Z [Modules] Streaming discord_krisp@1 to /home/sidd/.config/discord/0.0.60/modules/pending/discord_krisp-1.zip: 23%
2024-07-16T08:52:16.460Z [Modules] Streaming discord_krisp@1 to /home/sidd/.config/discord/0.0.60/modules/pending/discord_krisp-1.zip: 24%
2024-07-16T08:52:16.492Z [Modules] Streaming discord_krisp@1 to /home/sidd/.config/discord/0.0.60/modules/pending/discord_krisp-1.zip: 25%
2024-07-16T08:52:16.495Z [Modules] Streaming discord_krisp@1 to /home/sidd/.config/discord/0.0.60/modules/pending/discord_krisp-1.zip: 26%
2024-07-16T08:52:16.581Z [Modules] Streaming discord_krisp@1 to /home/sidd/.config/discord/0.0.60/modules/pending/discord_krisp-1.zip: 27%
2024-07-16T08:52:16.736Z [Modules] Streaming discord_krisp@1 to /home/sidd/.config/discord/0.0.60/modules/pending/discord_krisp-1.zip: 28%
2024-07-16T08:52:16.739Z [Modules] Streaming discord_krisp@1 to /home/sidd/.config/discord/0.0.60/modules/pending/discord_krisp-1.zip: 29%
2024-07-16T08:52:16.919Z [Modules] Streaming discord_krisp@1 to /home/sidd/.config/discord/0.0.60/modules/pending/discord_krisp-1.zip: 30%
2024-07-16T08:52:16.922Z [Modules] Streaming discord_krisp@1 to /home/sidd/.config/discord/0.0.60/modules/pending/discord_krisp-1.zip: 31%
2024-07-16T08:52:16.924Z [Modules] Streaming discord_krisp@1 to /home/sidd/.config/discord/0.0.60/modules/pending/discord_krisp-1.zip: 32%
2024-07-16T08:52:16.926Z [Modules] Streaming discord_krisp@1 to /home/sidd/.config/discord/0.0.60/modules/pending/discord_krisp-1.zip: 34%
2024-07-16T08:52:16.927Z [Modules] Streaming discord_krisp@1 to /home/sidd/.config/discord/0.0.60/modules/pending/discord_krisp-1.zip: 35%
2024-07-16T08:52:17.762Z [Modules] Streaming discord_krisp@1 to /home/sidd/.config/discord/0.0.60/modules/pending/discord_krisp-1.zip: 36%
2024-07-16T08:52:18.171Z [Modules] Streaming discord_krisp@1 to /home/sidd/.config/discord/0.0.60/modules/pending/discord_krisp-1.zip: 37%
2024-07-16T08:52:18.684Z [Modules] Streaming discord_krisp@1 to /home/sidd/.config/discord/0.0.60/modules/pending/discord_krisp-1.zip: 38%
2024-07-16T08:52:18.981Z [Modules] Streaming discord_krisp@1 to /home/sidd/.config/discord/0.0.60/modules/pending/discord_krisp-1.zip: 39%
2024-07-16T08:52:19.043Z [Modules] Streaming discord_krisp@1 to /home/sidd/.config/discord/0.0.60/modules/pending/discord_krisp-1.zip: 40%
2024-07-16T08:52:19.044Z [Modules] Streaming discord_krisp@1 to /home/sidd/.config/discord/0.0.60/modules/pending/discord_krisp-1.zip: 41%
2024-07-16T08:52:19.279Z [Modules] Streaming discord_krisp@1 to /home/sidd/.config/discord/0.0.60/modules/pending/discord_krisp-1.zip: 42%
2024-07-16T08:52:19.520Z [Modules] Streaming discord_krisp@1 to /home/sidd/.config/discord/0.0.60/modules/pending/discord_krisp-1.zip: 43%
2024-07-16T08:52:19.579Z [Modules] Streaming discord_krisp@1 to /home/sidd/.config/discord/0.0.60/modules/pending/discord_krisp-1.zip: 44%
2024-07-16T08:52:19.810Z [Modules] Streaming discord_krisp@1 to /home/sidd/.config/discord/0.0.60/modules/pending/discord_krisp-1.zip: 45%
2024-07-16T08:52:19.916Z [Modules] Streaming discord_krisp@1 to /home/sidd/.config/discord/0.0.60/modules/pending/discord_krisp-1.zip: 46%
2024-07-16T08:52:20.211Z [Modules] Streaming discord_krisp@1 to /home/sidd/.config/discord/0.0.60/modules/pending/discord_krisp-1.zip: 47%
2024-07-16T08:52:20.362Z [Modules] Streaming discord_krisp@1 to /home/sidd/.config/discord/0.0.60/modules/pending/discord_krisp-1.zip: 48%
2024-07-16T08:52:20.389Z [Modules] Streaming discord_krisp@1 to /home/sidd/.config/discord/0.0.60/modules/pending/discord_krisp-1.zip: 49%
2024-07-16T08:52:20.607Z [Modules] Streaming discord_krisp@1 to /home/sidd/.config/discord/0.0.60/modules/pending/discord_krisp-1.zip: 50%
2024-07-16T08:52:20.660Z [Modules] Streaming discord_krisp@1 to /home/sidd/.config/discord/0.0.60/modules/pending/discord_krisp-1.zip: 51%
2024-07-16T08:52:20.896Z [Modules] Streaming discord_krisp@1 to /home/sidd/.config/discord/0.0.60/modules/pending/discord_krisp-1.zip: 52%
2024-07-16T08:52:21.036Z [Modules] Streaming discord_krisp@1 to /home/sidd/.config/discord/0.0.60/modules/pending/discord_krisp-1.zip: 53%
2024-07-16T08:52:21.150Z [Modules] Streaming discord_krisp@1 to /home/sidd/.config/discord/0.0.60/modules/pending/discord_krisp-1.zip: 54%
2024-07-16T08:52:21.209Z [Modules] Streaming discord_krisp@1 to /home/sidd/.config/discord/0.0.60/modules/pending/discord_krisp-1.zip: 55%
2024-07-16T08:52:21.351Z [Modules] Streaming discord_krisp@1 to /home/sidd/.config/discord/0.0.60/modules/pending/discord_krisp-1.zip: 56%
2024-07-16T08:52:21.452Z [Modules] Streaming discord_krisp@1 to /home/sidd/.config/discord/0.0.60/modules/pending/discord_krisp-1.zip: 57%
2024-07-16T08:52:21.668Z [Modules] Streaming discord_krisp@1 to /home/sidd/.config/discord/0.0.60/modules/pending/discord_krisp-1.zip: 58%
2024-07-16T08:52:21.782Z [Modules] Streaming discord_krisp@1 to /home/sidd/.config/discord/0.0.60/modules/pending/discord_krisp-1.zip: 59%
2024-07-16T08:52:21.900Z [Modules] Streaming discord_krisp@1 to /home/sidd/.config/discord/0.0.60/modules/pending/discord_krisp-1.zip: 60%
2024-07-16T08:52:22.019Z [Modules] Streaming discord_krisp@1 to /home/sidd/.config/discord/0.0.60/modules/pending/discord_krisp-1.zip: 61%
2024-07-16T08:52:22.021Z [Modules] Streaming discord_krisp@1 to /home/sidd/.config/discord/0.0.60/modules/pending/discord_krisp-1.zip: 62%
2024-07-16T08:52:22.141Z [Modules] Streaming discord_krisp@1 to /home/sidd/.config/discord/0.0.60/modules/pending/discord_krisp-1.zip: 63%
2024-07-16T08:52:22.191Z [Modules] Streaming discord_krisp@1 to /home/sidd/.config/discord/0.0.60/modules/pending/discord_krisp-1.zip: 64%
2024-07-16T08:52:22.397Z [Modules] Streaming discord_krisp@1 to /home/sidd/.config/discord/0.0.60/modules/pending/discord_krisp-1.zip: 65%
2024-07-16T08:52:22.501Z [Modules] Streaming discord_krisp@1 to /home/sidd/.config/discord/0.0.60/modules/pending/discord_krisp-1.zip: 66%
2024-07-16T08:52:22.520Z [Modules] Streaming discord_krisp@1 to /home/sidd/.config/discord/0.0.60/modules/pending/discord_krisp-1.zip: 67%
2024-07-16T08:52:22.572Z [Modules] Streaming discord_krisp@1 to /home/sidd/.config/discord/0.0.60/modules/pending/discord_krisp-1.zip: 68%
2024-07-16T08:52:22.655Z [Modules] Streaming discord_krisp@1 to /home/sidd/.config/discord/0.0.60/modules/pending/discord_krisp-1.zip: 69%
2024-07-16T08:52:22.827Z [Modules] Streaming discord_krisp@1 to /home/sidd/.config/discord/0.0.60/modules/pending/discord_krisp-1.zip: 70%
2024-07-16T08:52:22.983Z [Modules] Streaming discord_krisp@1 to /home/sidd/.config/discord/0.0.60/modules/pending/discord_krisp-1.zip: 71%
2024-07-16T08:52:23.055Z [Modules] Streaming discord_krisp@1 to /home/sidd/.config/discord/0.0.60/modules/pending/discord_krisp-1.zip: 72%
2024-07-16T08:52:23.087Z [Modules] Streaming discord_krisp@1 to /home/sidd/.config/discord/0.0.60/modules/pending/discord_krisp-1.zip: 73%
2024-07-16T08:52:23.209Z [Modules] Streaming discord_krisp@1 to /home/sidd/.config/discord/0.0.60/modules/pending/discord_krisp-1.zip: 74%
2024-07-16T08:52:23.281Z [Modules] Streaming discord_krisp@1 to /home/sidd/.config/discord/0.0.60/modules/pending/discord_krisp-1.zip: 75%
2024-07-16T08:52:23.390Z [Modules] Streaming discord_krisp@1 to /home/sidd/.config/discord/0.0.60/modules/pending/discord_krisp-1.zip: 76%
2024-07-16T08:52:23.436Z [Modules] Streaming discord_krisp@1 to /home/sidd/.config/discord/0.0.60/modules/pending/discord_krisp-1.zip: 77%
2024-07-16T08:52:23.437Z [Modules] Streaming discord_krisp@1 to /home/sidd/.config/discord/0.0.60/modules/pending/discord_krisp-1.zip: 78%
2024-07-16T08:52:23.584Z [Modules] Streaming discord_krisp@1 to /home/sidd/.config/discord/0.0.60/modules/pending/discord_krisp-1.zip: 79%
2024-07-16T08:52:23.586Z [Modules] Streaming discord_krisp@1 to /home/sidd/.config/discord/0.0.60/modules/pending/discord_krisp-1.zip: 80%
2024-07-16T08:52:23.696Z [Modules] Streaming discord_krisp@1 to /home/sidd/.config/discord/0.0.60/modules/pending/discord_krisp-1.zip: 81%
2024-07-16T08:52:23.787Z [Modules] Streaming discord_krisp@1 to /home/sidd/.config/discord/0.0.60/modules/pending/discord_krisp-1.zip: 82%
2024-07-16T08:52:23.886Z [Modules] Streaming discord_krisp@1 to /home/sidd/.config/discord/0.0.60/modules/pending/discord_krisp-1.zip: 83%
2024-07-16T08:52:23.923Z [Modules] Streaming discord_krisp@1 to /home/sidd/.config/discord/0.0.60/modules/pending/discord_krisp-1.zip: 84%
2024-07-16T08:52:24.034Z [Modules] Streaming discord_krisp@1 to /home/sidd/.config/discord/0.0.60/modules/pending/discord_krisp-1.zip: 85%
2024-07-16T08:52:24.096Z [Modules] Streaming discord_krisp@1 to /home/sidd/.config/discord/0.0.60/modules/pending/discord_krisp-1.zip: 86%
2024-07-16T08:52:24.154Z [Modules] Streaming discord_krisp@1 to /home/sidd/.config/discord/0.0.60/modules/pending/discord_krisp-1.zip: 87%
2024-07-16T08:52:24.206Z [Modules] Streaming discord_krisp@1 to /home/sidd/.config/discord/0.0.60/modules/pending/discord_krisp-1.zip: 88%
2024-07-16T08:52:24.306Z [Modules] Streaming discord_krisp@1 to /home/sidd/.config/discord/0.0.60/modules/pending/discord_krisp-1.zip: 89%
2024-07-16T08:52:24.346Z [Modules] Streaming discord_krisp@1 to /home/sidd/.config/discord/0.0.60/modules/pending/discord_krisp-1.zip: 90%
2024-07-16T08:52:24.432Z [Modules] Streaming discord_krisp@1 to /home/sidd/.config/discord/0.0.60/modules/pending/discord_krisp-1.zip: 91%
2024-07-16T08:52:24.497Z [Modules] Streaming discord_krisp@1 to /home/sidd/.config/discord/0.0.60/modules/pending/discord_krisp-1.zip: 92%
2024-07-16T08:52:24.564Z [Modules] Streaming discord_krisp@1 to /home/sidd/.config/discord/0.0.60/modules/pending/discord_krisp-1.zip: 93%
2024-07-16T08:52:24.566Z [Modules] Streaming discord_krisp@1 to /home/sidd/.config/discord/0.0.60/modules/pending/discord_krisp-1.zip: 94%
2024-07-16T08:52:24.691Z [Modules] Streaming discord_krisp@1 to /home/sidd/.config/discord/0.0.60/modules/pending/discord_krisp-1.zip: 95%
2024-07-16T08:52:24.724Z [Modules] Streaming discord_krisp@1 to /home/sidd/.config/discord/0.0.60/modules/pending/discord_krisp-1.zip: 96%
2024-07-16T08:52:24.788Z [Modules] Streaming discord_krisp@1 to /home/sidd/.config/discord/0.0.60/modules/pending/discord_krisp-1.zip: 97%
2024-07-16T08:52:24.880Z [Modules] Streaming discord_krisp@1 to /home/sidd/.config/discord/0.0.60/modules/pending/discord_krisp-1.zip: 98%
2024-07-16T08:52:24.932Z [Modules] Streaming discord_krisp@1 to /home/sidd/.config/discord/0.0.60/modules/pending/discord_krisp-1.zip: 99%
2024-07-16T08:52:24.981Z [Modules] Streaming discord_krisp@1 to /home/sidd/.config/discord/0.0.60/modules/pending/discord_krisp-1.zip: 100%
2024-07-16T08:52:24.984Z [Modules] Fetching discord_game_utils@1 from https://discord.com/api/modules/stable/discord_game_utils/1
2024-07-16T08:52:24.985Z [Modules] Streaming discord_game_utils@1 to /home/sidd/.config/discord/0.0.60/modules/pending/discord_game_utils-1.zip
2024-07-16T08:52:24.985Z [Modules] Installing discord_krisp@1 from /home/sidd/.config/discord/0.0.60/modules/pending/discord_krisp-1.zip
2024-07-16T08:52:25.488Z [Modules] Finished module installations. [success: 1] [failure: 0]
2024-07-16T08:52:25.648Z [Modules] Streaming discord_game_utils@1 to /home/sidd/.config/discord/0.0.60/modules/pending/discord_game_utils-1.zip: 2%
2024-07-16T08:52:25.779Z [Modules] Streaming discord_game_utils@1 to /home/sidd/.config/discord/0.0.60/modules/pending/discord_game_utils-1.zip: 3%
2024-07-16T08:52:25.783Z [Modules] Streaming discord_game_utils@1 to /home/sidd/.config/discord/0.0.60/modules/pending/discord_game_utils-1.zip: 4%
2024-07-16T08:52:25.792Z [Modules] Streaming discord_game_utils@1 to /home/sidd/.config/discord/0.0.60/modules/pending/discord_game_utils-1.zip: 5%
2024-07-16T08:52:25.925Z [Modules] Streaming discord_game_utils@1 to /home/sidd/.config/discord/0.0.60/modules/pending/discord_game_utils-1.zip: 8%
2024-07-16T08:52:25.926Z [Modules] Streaming discord_game_utils@1 to /home/sidd/.config/discord/0.0.60/modules/pending/discord_game_utils-1.zip: 18%
2024-07-16T08:52:25.926Z [Modules] Streaming discord_game_utils@1 to /home/sidd/.config/discord/0.0.60/modules/pending/discord_game_utils-1.zip: 25%
2024-07-16T08:52:25.927Z [Modules] Streaming discord_game_utils@1 to /home/sidd/.config/discord/0.0.60/modules/pending/discord_game_utils-1.zip: 27%
2024-07-16T08:52:25.941Z [Modules] Streaming discord_game_utils@1 to /home/sidd/.config/discord/0.0.60/modules/pending/discord_game_utils-1.zip: 29%
2024-07-16T08:52:25.957Z [Modules] Streaming discord_game_utils@1 to /home/sidd/.config/discord/0.0.60/modules/pending/discord_game_utils-1.zip: 31%
2024-07-16T08:52:25.968Z [Modules] Streaming discord_game_utils@1 to /home/sidd/.config/discord/0.0.60/modules/pending/discord_game_utils-1.zip: 33%
2024-07-16T08:52:25.969Z [Modules] Streaming discord_game_utils@1 to /home/sidd/.config/discord/0.0.60/modules/pending/discord_game_utils-1.zip: 39%
2024-07-16T08:52:26.031Z [Modules] Streaming discord_game_utils@1 to /home/sidd/.config/discord/0.0.60/modules/pending/discord_game_utils-1.zip: 40%
2024-07-16T08:52:26.163Z [Modules] Streaming discord_game_utils@1 to /home/sidd/.config/discord/0.0.60/modules/pending/discord_game_utils-1.zip: 42%
2024-07-16T08:52:26.165Z [Modules] Streaming discord_game_utils@1 to /home/sidd/.config/discord/0.0.60/modules/pending/discord_game_utils-1.zip: 63%
2024-07-16T08:52:26.188Z [Modules] Streaming discord_game_utils@1 to /home/sidd/.config/discord/0.0.60/modules/pending/discord_game_utils-1.zip: 64%
2024-07-16T08:52:26.200Z [Modules] Streaming discord_game_utils@1 to /home/sidd/.config/discord/0.0.60/modules/pending/discord_game_utils-1.zip: 67%
2024-07-16T08:52:26.201Z [Modules] Streaming discord_game_utils@1 to /home/sidd/.config/discord/0.0.60/modules/pending/discord_game_utils-1.zip: 70%
2024-07-16T08:52:26.231Z [Modules] Streaming discord_game_utils@1 to /home/sidd/.config/discord/0.0.60/modules/pending/discord_game_utils-1.zip: 72%
2024-07-16T08:52:26.232Z [Modules] Streaming discord_game_utils@1 to /home/sidd/.config/discord/0.0.60/modules/pending/discord_game_utils-1.zip: 75%
2024-07-16T08:52:26.232Z [Modules] Streaming discord_game_utils@1 to /home/sidd/.config/discord/0.0.60/modules/pending/discord_game_utils-1.zip: 76%
2024-07-16T08:52:26.276Z [Modules] Streaming discord_game_utils@1 to /home/sidd/.config/discord/0.0.60/modules/pending/discord_game_utils-1.zip: 78%
2024-07-16T08:52:26.277Z [Modules] Streaming discord_game_utils@1 to /home/sidd/.config/discord/0.0.60/modules/pending/discord_game_utils-1.zip: 85%
2024-07-16T08:52:26.344Z [Modules] Streaming discord_game_utils@1 to /home/sidd/.config/discord/0.0.60/modules/pending/discord_game_utils-1.zip: 87%
2024-07-16T08:52:26.345Z [Modules] Streaming discord_game_utils@1 to /home/sidd/.config/discord/0.0.60/modules/pending/discord_game_utils-1.zip: 88%
2024-07-16T08:52:26.516Z [Modules] Streaming discord_game_utils@1 to /home/sidd/.config/discord/0.0.60/modules/pending/discord_game_utils-1.zip: 90%
2024-07-16T08:52:26.518Z [Modules] Streaming discord_game_utils@1 to /home/sidd/.config/discord/0.0.60/modules/pending/discord_game_utils-1.zip: 93%
2024-07-16T08:52:26.519Z [Modules] Streaming discord_game_utils@1 to /home/sidd/.config/discord/0.0.60/modules/pending/discord_game_utils-1.zip: 98%
2024-07-16T08:52:26.520Z [Modules] Streaming discord_game_utils@1 to /home/sidd/.config/discord/0.0.60/modules/pending/discord_game_utils-1.zip: 100%
2024-07-16T08:52:26.522Z [Modules] Fetching discord_rpc@1 from https://discord.com/api/modules/stable/discord_rpc/1
2024-07-16T08:52:26.522Z [Modules] Streaming discord_rpc@1 to /home/sidd/.config/discord/0.0.60/modules/pending/discord_rpc-1.zip
2024-07-16T08:52:26.522Z [Modules] Installing discord_game_utils@1 from /home/sidd/.config/discord/0.0.60/modules/pending/discord_game_utils-1.zip
2024-07-16T08:52:26.622Z [Modules] Finished module installations. [success: 1] [failure: 0]
2024-07-16T08:52:27.183Z [Modules] Streaming discord_rpc@1 to /home/sidd/.config/discord/0.0.60/modules/pending/discord_rpc-1.zip: 100%
2024-07-16T08:52:27.185Z [Modules] Finished module downloads. [success: 3] [failure: 0]
2024-07-16T08:52:27.185Z [Modules] Installing discord_rpc@1 from /home/sidd/.config/discord/0.0.60/modules/pending/discord_rpc-1.zip
2024-07-16T08:52:27.206Z [Modules] Finished module installations. [success: 1] [failure: 0]
2024-07-16T09:52:15.554Z [Modules] Checking for host updates.
2024-07-16T09:52:16.026Z [Modules] Host is up to date.
2024-07-16T09:52:16.027Z [Modules] Checking for module updates at https://discord.com/api/modules/stable/versions.json
2024-07-16T09:52:16.073Z [Modules] No module updates available.
